Using pre-set license
Built from '2022.1/staging' branch; Version is '2022.1.24f1 (709dddfb713f) revision 7380445'; Using compiler version '192829333'; Build Type 'Release'
OS: 'Windows 11  (10.0.22621) 64bit Core' Language: 'en' Physical Memory: 32452 MB
BatchMode: 1, IsHumanControllingUs: 0, StartBugReporterOnCrash: 0, Is64bit: 1, IsPro: 1

COMMAND LINE ARGUMENTS:
C:\Program Files\Unity\Hub\Editor\2022.1.24f1\Editor\Unity.exe
-adb2
-batchMode
-noUpm
-name
AssetImportWorker2
-projectPath
C:/Users/pinkt/Documents/GitHub/Hypercasual/Mobile Hypercasual
-logFile
Logs/AssetImportWorker2.log
-srvPort
50536
Successfully changed project path to: C:/Users/pinkt/Documents/GitHub/Hypercasual/Mobile Hypercasual
C:/Users/pinkt/Documents/GitHub/Hypercasual/Mobile Hypercasual
[UnityMemory] Configuration Parameters - Can be set up in boot.config
    "memorysetup-bucket-allocator-granularity=16"
    "memorysetup-bucket-allocator-bucket-count=8"
    "memorysetup-bucket-allocator-block-size=33554432"
    "memorysetup-bucket-allocator-block-count=8"
    "memorysetup-main-allocator-block-size=16777216"
    "memorysetup-thread-allocator-block-size=16777216"
    "memorysetup-gfx-main-allocator-block-size=16777216"
    "memorysetup-gfx-thread-allocator-block-size=16777216"
    "memorysetup-cache-allocator-block-size=4194304"
    "memorysetup-typetree-allocator-block-size=2097152"
    "memorysetup-profiler-bucket-allocator-granularity=16"
    "memorysetup-profiler-bucket-allocator-bucket-count=8"
    "memorysetup-profiler-bucket-allocator-block-size=33554432"
    "memorysetup-profiler-bucket-allocator-block-count=8"
    "memorysetup-profiler-allocator-block-size=16777216"
    "memorysetup-profiler-editor-allocator-block-size=1048576"
    "memorysetup-temp-allocator-size-main=16777216"
    "memorysetup-job-temp-allocator-block-size=2097152"
    "memorysetup-job-temp-allocator-block-size-background=1048576"
    "memorysetup-job-temp-allocator-reduction-small-platforms=262144"
    "memorysetup-temp-allocator-size-background-worker=32768"
    "memorysetup-temp-allocator-size-job-worker=262144"
    "memorysetup-temp-allocator-size-preload-manager=33554432"
    "memorysetup-temp-allocator-size-nav-mesh-worker=65536"
    "memorysetup-temp-allocator-size-audio-worker=65536"
    "memorysetup-temp-allocator-size-cloud-worker=32768"
    "memorysetup-temp-allocator-size-gi-baking-worker=262144"
    "memorysetup-temp-allocator-size-gfx=262144"
Refreshing native plugins compatible for Editor in 146.31 ms, found 3 plugins.
Preloading 0 native plugins for Editor in 0.00 ms.
Initialize engine version: 2022.1.24f1 (709dddfb713f)
[Subsystems] Discovering subsystems at path C:/Program Files/Unity/Hub/Editor/2022.1.24f1/Editor/Data/Resources/UnitySubsystems
[Subsystems] Discovering subsystems at path C:/Users/pinkt/Documents/GitHub/Hypercasual/Mobile Hypercasual/Assets
GfxDevice: creating device client; threaded=0; jobified=0
Direct3D:
    Version:  Direct3D 11.0 [level 11.1]
    Renderer: NVIDIA GeForce RTX 3070 Ti Laptop GPU (ID=0x24e0)
    Vendor:   NVIDIA
    VRAM:     8043 MB
    Driver:   30.0.15.1272
Initialize mono
Mono path[0] = 'C:/Program Files/Unity/Hub/Editor/2022.1.24f1/Editor/Data/Managed'
Mono path[1] = 'C:/Program Files/Unity/Hub/Editor/2022.1.24f1/Editor/Data/MonoBleedingEdge/lib/mono/unityjit-win32'
Mono config path = 'C:/Program Files/Unity/Hub/Editor/2022.1.24f1/Editor/Data/MonoBleedingEdge/etc'
Using monoOptions --debugger-agent=transport=dt_socket,embedding=1,server=y,suspend=n,address=127.0.0.1:56744
Begin MonoManager ReloadAssembly
Registering precompiled unity dll's ...
Register platform support module: C:/Program Files/Unity/Hub/Editor/2022.1.24f1/Editor/Data/PlaybackEngines/AndroidPlayer/UnityEditor.Android.Extensions.dll
Register platform support module: C:/Program Files/Unity/Hub/Editor/2022.1.24f1/Editor/Data/PlaybackEngines/iOSSupport/UnityEditor.iOS.Extensions.dll
Register platform support module: C:/Program Files/Unity/Hub/Editor/2022.1.24f1/Editor/Data/PlaybackEngines/WindowsStandaloneSupport/UnityEditor.WindowsStandalone.Extensions.dll
Registered in 0.013899 seconds.
Native extension for WindowsStandalone target not found
[usbmuxd] Start listen thread
[usbmuxd] Listen thread started
Native extension for iOS target not found
Native extension for Android target not found
Refreshing native plugins compatible for Editor in 90.17 ms, found 3 plugins.
Preloading 0 native plugins for Editor in 0.00 ms.
Mono: successfully reloaded assembly
- Completed reload, in  1.045 seconds
Domain Reload Profiling:
	ReloadAssembly (1045ms)
		BeginReloadAssembly (130ms)
			ExecutionOrderSort (0ms)
			DisableScriptedObjects (0ms)
			BackupInstance (0ms)
			ReleaseScriptingObjects (0ms)
			CreateAndSetChildDomain (1ms)
		EndReloadAssembly (678ms)
			LoadAssemblies (129ms)
			RebuildTransferFunctionScriptingTraits (0ms)
			SetupTypeCache (171ms)
				TypeCache.Initialize (170ms)
					TypeCache.ScanAssembly (169ms)
				ResolveRequiredComponents (1ms)
			ReleaseScriptCaches (0ms)
			RebuildScriptCaches (32ms)
			SetupLoadedEditorAssemblies (403ms)
				LogAssemblyErrors (0ms)
				InitializePlatformSupportModulesInManaged (122ms)
				SetLoadedEditorAssemblies (11ms)
				RefreshPlugins (90ms)
				BeforeProcessingInitializeOnLoad (1ms)
				ProcessInitializeOnLoadAttributes (128ms)
				ProcessInitializeOnLoadMethodAttributes (52ms)
				AfterProcessingInitializeOnLoad (0ms)
				EditorAssembliesLoaded (0ms)
			ExecutionOrderSort2 (0ms)
			AwakeInstancesAfterBackupRestoration (0ms)
Platform modules already initialized, skipping
Registering precompiled user dll's ...
Registered in 0.009926 seconds.
Begin MonoManager ReloadAssembly
Symbol file LoadedFromMemory doesn't match image C:\Users\pinkt\Documents\GitHub\Hypercasual\Mobile Hypercasual\Library\PackageCache\com.unity.visualscripting@1.7.8\Editor\VisualScripting.Core\Dependencies\YamlDotNet\Unity.VisualScripting.YamlDotNet.dll
Symbol file LoadedFromMemory doesn't match image C:\Users\pinkt\Documents\GitHub\Hypercasual\Mobile Hypercasual\Library\PackageCache\com.unity.visualscripting@1.7.8\Editor\VisualScripting.Core\Dependencies\DotNetZip\Unity.VisualScripting.IonicZip.dll
Native extension for WindowsStandalone target not found
Native extension for iOS target not found
Native extension for Android target not found
Refreshing native plugins compatible for Editor in 0.73 ms, found 3 plugins.
Preloading 0 native plugins for Editor in 0.00 ms.
Mono: successfully reloaded assembly
Package Manager log level set to [2]
[Package Manager] Server::EnsureServerProcessIsRunning -- launch failed, reason: Unity was launched with the -noUpm command-line argument
[Package Manager] UpmClient::Send -- Unable to send message (not connected to UPM process).
[Package Manager] Cannot connect to Unity Package Manager local server
[Package Manager] Server::EnsureServerProcessIsRunning -- launch failed, reason: Unity was launched with the -noUpm command-line argument
[Package Manager] UpmClient::Send -- Unable to send message (not connected to UPM process).
[Package Manager] Cannot connect to Unity Package Manager local server
- Completed reload, in  1.501 seconds
Domain Reload Profiling:
	ReloadAssembly (1502ms)
		BeginReloadAssembly (298ms)
			ExecutionOrderSort (0ms)
			DisableScriptedObjects (5ms)
			BackupInstance (0ms)
			ReleaseScriptingObjects (0ms)
			CreateAndSetChildDomain (147ms)
		EndReloadAssembly (1071ms)
			LoadAssemblies (147ms)
			RebuildTransferFunctionScriptingTraits (0ms)
			SetupTypeCache (272ms)
				TypeCache.Initialize (267ms)
					TypeCache.ScanAssembly (262ms)
				ResolveRequiredComponents (5ms)
			ReleaseScriptCaches (1ms)
			RebuildScriptCaches (92ms)
			SetupLoadedEditorAssemblies (518ms)
				LogAssemblyErrors (0ms)
				InitializePlatformSupportModulesInManaged (36ms)
				SetLoadedEditorAssemblies (11ms)
				RefreshPlugins (1ms)
				BeforeProcessingInitializeOnLoad (148ms)
				ProcessInitializeOnLoadAttributes (281ms)
				ProcessInitializeOnLoadMethodAttributes (31ms)
				AfterProcessingInitializeOnLoad (10ms)
				EditorAssembliesLoaded (0ms)
			ExecutionOrderSort2 (0ms)
			AwakeInstancesAfterBackupRestoration (8ms)
Platform modules already initialized, skipping
========================================================================
Worker process is ready to serve import requests
Launched and connected shader compiler UnityShaderCompiler.exe after 0.09 seconds
Refreshing native plugins compatible for Editor in 1.29 ms, found 3 plugins.
Preloading 0 native plugins for Editor in 0.00 ms.
Unloading 3490 Unused Serialized files (Serialized files now loaded: 0)
Unloading 40 unused Assets / (58.3 KB). Loaded Objects now: 3939.
Memory consumption went from 0.52 GB to 0.52 GB.
Total: 5.598200 ms (FindLiveObjects: 0.246700 ms CreateObjectMapping: 0.122600 ms MarkObjects: 5.122200 ms  DeleteObjects: 0.105000 ms)

AssetImportParameters requested are different than current active one (requested -> active):
  custom:video-decoder-ogg-theora: a1e56fd34408186e4bbccfd4996cb3dc -> 
  custom:container-muxer-webm: aa71ff27fc2769a1b78a27578f13a17b -> 
  custom:container-demuxer-webm: 4f35f7cbe854078d1ac9338744f61a02 -> 
  custom:video-encoder-webm-vp8: eb34c28f22e8b96e1ab97ce403110664 -> 
  custom:video-codec-MediaFoundation-h265: 746d11721c4dcdbdad8f713fa42b33f4 -> 
  custom:audio-encoder-webm-vorbis: bf7c407c2cedff20999df2af8eb42d56 -> 
  custom:framework-win-MediaFoundation: 216162199b28c13a410421893ffa2e32 -> 
  custom:container-demuxer-ogg: 62fdf1f143b41e24485cea50d1cbac27 -> 
  custom:video-decoder-webm-vp8: 9c59270c3fd7afecdb556c50c9e8de78 -> 
  custom:audio-decoder-ogg-vorbis: bf7c407c2cedff20999df2af8eb42d56 -> 
========================================================================
Received Import Request.
  Time since last request: 91578.300613 seconds.
  path: Assets/Buildings/house_2_v_3.fbx
  artifactKey: Guid(30da52b372af49945b79f1d5ea0a0d69) Importer(815301076,1909f56bfc062723c751e8b465ee728b)
Start importing Assets/Buildings/house_2_v_3.fbx using Guid(30da52b372af49945b79f1d5ea0a0d69) Importer(815301076,1909f56bfc062723c751e8b465ee728b)  -> (artifact id: '7b57b77fa1b55f6cb1295e28f0d564da') in 0.225473 seconds 
========================================================================
Received Import Request.
  Time since last request: 0.447877 seconds.
  path: Assets/Buildings/house_2_v_7.fbx
  artifactKey: Guid(5bca2bbc38783b64996a209d6c901c21) Importer(815301076,1909f56bfc062723c751e8b465ee728b)
Start importing Assets/Buildings/house_2_v_7.fbx using Guid(5bca2bbc38783b64996a209d6c901c21) Importer(815301076,1909f56bfc062723c751e8b465ee728b)  -> (artifact id: '621409acf90fb68a0daab557e6879b25') in 0.070666 seconds 
========================================================================
Received Import Request.
  Time since last request: 0.538381 seconds.
  path: Assets/Buildings/house_2_v_11.fbx
  artifactKey: Guid(74041cc957cb2ab459202f5fa7e5c20e) Importer(815301076,1909f56bfc062723c751e8b465ee728b)
Start importing Assets/Buildings/house_2_v_11.fbx using Guid(74041cc957cb2ab459202f5fa7e5c20e) Importer(815301076,1909f56bfc062723c751e8b465ee728b)  -> (artifact id: '64af59b7d87c09d01eb9e8740156a6c1') in 0.044563 seconds 
========================================================================
Received Import Request.
  Time since last request: 0.120982 seconds.
  path: Assets/Buildings/house_2_v_13.fbx
  artifactKey: Guid(3b0dd5b2427346240915120de69abfe0) Importer(815301076,1909f56bfc062723c751e8b465ee728b)
Start importing Assets/Buildings/house_2_v_13.fbx using Guid(3b0dd5b2427346240915120de69abfe0) Importer(815301076,1909f56bfc062723c751e8b465ee728b)  -> (artifact id: '713f6da57f8e6480bcd3212f72c4b09f') in 0.052543 seconds 
========================================================================
Received Import Request.
  Time since last request: 0.131282 seconds.
  path: Assets/Buildings/house_2_v_15.fbx
  artifactKey: Guid(4afc516ec2f294042ac46acc398755a7) Importer(815301076,1909f56bfc062723c751e8b465ee728b)
Start importing Assets/Buildings/house_2_v_15.fbx using Guid(4afc516ec2f294042ac46acc398755a7) Importer(815301076,1909f56bfc062723c751e8b465ee728b)  -> (artifact id: 'a5347a4bce245c061d7a9f5cd0ff4749') in 0.064366 seconds 
========================================================================
Received Import Request.
  Time since last request: 1.985331 seconds.
  path: Assets/Buildings/house_2_v_17.fbx
  artifactKey: Guid(f990cc832b99eab4ea0073e7221a922b) Importer(815301076,1909f56bfc062723c751e8b465ee728b)
Start importing Assets/Buildings/house_2_v_17.fbx using Guid(f990cc832b99eab4ea0073e7221a922b) Importer(815301076,1909f56bfc062723c751e8b465ee728b)  -> (artifact id: '3d50e78214c17b8af03addf2b9e703b1') in 0.187254 seconds 
========================================================================
Received Import Request.
  Time since last request: 0.021599 seconds.
  path: Assets/Buildings/house_2_v_22.fbx
  artifactKey: Guid(2eb88b39e48d3d1479f7ec639f3755be) Importer(815301076,1909f56bfc062723c751e8b465ee728b)
Start importing Assets/Buildings/house_2_v_22.fbx using Guid(2eb88b39e48d3d1479f7ec639f3755be) Importer(815301076,1909f56bfc062723c751e8b465ee728b)  -> (artifact id: '5ec61069f082ac63efd8ab1e5b5693c3') in 0.076715 seconds 
========================================================================
Received Import Request.
  Time since last request: 0.752624 seconds.
  path: Assets/Buildings/house_2_v_27.fbx
  artifactKey: Guid(153faf12789954b4cbabe089f06c1a27) Importer(815301076,1909f56bfc062723c751e8b465ee728b)
Start importing Assets/Buildings/house_2_v_27.fbx using Guid(153faf12789954b4cbabe089f06c1a27) Importer(815301076,1909f56bfc062723c751e8b465ee728b)  -> (artifact id: 'c9214a95b7aa3f6ee1e28049f2d21fd8') in 0.088169 seconds 
========================================================================
Received Import Request.
  Time since last request: 0.000050 seconds.
  path: Assets/Buildings/house_3.fbx
  artifactKey: Guid(fc69d10298fdda0409c92918930ad704) Importer(815301076,1909f56bfc062723c751e8b465ee728b)
Start importing Assets/Buildings/house_3.fbx using Guid(fc69d10298fdda0409c92918930ad704) Importer(815301076,1909f56bfc062723c751e8b465ee728b)  -> (artifact id: '9a4ffff9b82fed168cfa70278ebac7f2') in 0.053971 seconds 
========================================================================
Received Import Request.
  Time since last request: 0.326998 seconds.
  path: Assets/Buildings/house_5.fbx
  artifactKey: Guid(ff7dc930a08a61a4baa4dc7d46f4938d) Importer(815301076,1909f56bfc062723c751e8b465ee728b)
Start importing Assets/Buildings/house_5.fbx using Guid(ff7dc930a08a61a4baa4dc7d46f4938d) Importer(815301076,1909f56bfc062723c751e8b465ee728b)  -> (artifact id: '4d7a8707f398f17080ab14f15dbafc02') in 0.104813 seconds 
========================================================================
Received Import Request.
  Time since last request: 0.000024 seconds.
  path: Assets/Buildings/metal_store.fbx
  artifactKey: Guid(ff594c9cea692594ca4f5fffc031815b) Importer(815301076,1909f56bfc062723c751e8b465ee728b)
Start importing Assets/Buildings/metal_store.fbx using Guid(ff594c9cea692594ca4f5fffc031815b) Importer(815301076,1909f56bfc062723c751e8b465ee728b)  -> (artifact id: 'b0070d3b9285681849ee5449ec887a0b') in 0.026121 seconds 
========================================================================
Received Import Request.
  Time since last request: 0.000034 seconds.
  path: Assets/Buildings/police_academy.fbx
  artifactKey: Guid(3d92f881e27fa984bbe291e539cfda8d) Importer(815301076,1909f56bfc062723c751e8b465ee728b)
Start importing Assets/Buildings/police_academy.fbx using Guid(3d92f881e27fa984bbe291e539cfda8d) Importer(815301076,1909f56bfc062723c751e8b465ee728b)  -> (artifact id: 'c9c3af4eae4da727911bd46e4a55eb1f') in 0.031811 seconds 
========================================================================
Received Import Request.
  Time since last request: 0.216900 seconds.
  path: Assets/Buildings/publisher.fbx
  artifactKey: Guid(f785bab3dff20a64d825fadd2e85cf98) Importer(815301076,1909f56bfc062723c751e8b465ee728b)
Start importing Assets/Buildings/publisher.fbx using Guid(f785bab3dff20a64d825fadd2e85cf98) Importer(815301076,1909f56bfc062723c751e8b465ee728b)  -> (artifact id: '6b80ff2fe7ea18ee45990b5e192a611b') in 0.065424 seconds 
========================================================================
Received Import Request.
  Time since last request: 0.000061 seconds.
  path: Assets/Buildings/sewing.fbx
  artifactKey: Guid(88b53642cda366144a6927b55d56f3ad) Importer(815301076,1909f56bfc062723c751e8b465ee728b)
Start importing Assets/Buildings/sewing.fbx using Guid(88b53642cda366144a6927b55d56f3ad) Importer(815301076,1909f56bfc062723c751e8b465ee728b)  -> (artifact id: '944fb21c71618433ec61e9fdf3d5e689') in 0.032672 seconds 
========================================================================
Received Import Request.
  Time since last request: 0.000023 seconds.
  path: Assets/Buildings/software_company.fbx
  artifactKey: Guid(b2efc519fac0dd745b15cb8a7f347f64) Importer(815301076,1909f56bfc062723c751e8b465ee728b)
Start importing Assets/Buildings/software_company.fbx using Guid(b2efc519fac0dd745b15cb8a7f347f64) Importer(815301076,1909f56bfc062723c751e8b465ee728b)  -> (artifact id: 'abbda5cd68a43533f5a21db101e811b8') in 0.022655 seconds 
========================================================================
Received Import Request.
  Time since last request: 3.014884 seconds.
  path: Assets/Buildings/toy_factory.fbx
  artifactKey: Guid(773b447b5f21e56438236fcdf3b9b30a) Importer(815301076,1909f56bfc062723c751e8b465ee728b)
Start importing Assets/Buildings/toy_factory.fbx using Guid(773b447b5f21e56438236fcdf3b9b30a) Importer(815301076,1909f56bfc062723c751e8b465ee728b)  -> (artifact id: '2337ebaae3c650bd57d3ed7466f785ec') in 0.105774 seconds 
========================================================================
Received Import Request.
  Time since last request: 5.722943 seconds.
  path: Assets/Buildings/Mobile/appliances_store_mobile.fbx
  artifactKey: Guid(cf049117258669548809bad082985d2d) Importer(815301076,1909f56bfc062723c751e8b465ee728b)
Start importing Assets/Buildings/Mobile/appliances_store_mobile.fbx using Guid(cf049117258669548809bad082985d2d) Importer(815301076,1909f56bfc062723c751e8b465ee728b)  -> (artifact id: 'f8abaac7dbb08f6eb864a7356d1ec489') in 0.061066 seconds 
========================================================================
Received Import Request.
  Time since last request: 0.000074 seconds.
  path: Assets/Buildings/Mobile/computer_store_mobile.fbx
  artifactKey: Guid(7b454902af51c4741a734bf771144217) Importer(815301076,1909f56bfc062723c751e8b465ee728b)
Start importing Assets/Buildings/Mobile/computer_store_mobile.fbx using Guid(7b454902af51c4741a734bf771144217) Importer(815301076,1909f56bfc062723c751e8b465ee728b)  -> (artifact id: '2edc73658280be59bc698e5e20620d79') in 0.047389 seconds 
========================================================================
Received Import Request.
  Time since last request: 0.000028 seconds.
  path: Assets/Buildings/Mobile/electronic_store_mobile.fbx
  artifactKey: Guid(6be4e04bd9cc5904a9d055d1732cab64) Importer(815301076,1909f56bfc062723c751e8b465ee728b)
Start importing Assets/Buildings/Mobile/electronic_store_mobile.fbx using Guid(6be4e04bd9cc5904a9d055d1732cab64) Importer(815301076,1909f56bfc062723c751e8b465ee728b)  -> (artifact id: '8233de3783d87f3597f6a7d1d1773ae5') in 0.028179 seconds 
========================================================================
Received Import Request.
  Time since last request: 0.000031 seconds.
  path: Assets/Buildings/Mobile/grocery_store_mobile.fbx
  artifactKey: Guid(0c1f373f719671d4dae4af778b96e02d) Importer(815301076,1909f56bfc062723c751e8b465ee728b)
Start importing Assets/Buildings/Mobile/grocery_store_mobile.fbx using Guid(0c1f373f719671d4dae4af778b96e02d) Importer(815301076,1909f56bfc062723c751e8b465ee728b)  -> (artifact id: '35b4f8cc776478b99dd4dfeedf1049ad') in 0.024945 seconds 
========================================================================
Received Import Request.
  Time since last request: 1.048693 seconds.
  path: Assets/Buildings/Mobile/heavy_equipment_factory_mobile.fbx
  artifactKey: Guid(6ee056263f67ef545b373060986c8beb) Importer(815301076,1909f56bfc062723c751e8b465ee728b)
Start importing Assets/Buildings/Mobile/heavy_equipment_factory_mobile.fbx using Guid(6ee056263f67ef545b373060986c8beb) Importer(815301076,1909f56bfc062723c751e8b465ee728b)  -> (artifact id: '335f2104e8b630c913a767b5d354d2fd') in 0.066927 seconds 
========================================================================
Received Import Request.
  Time since last request: 0.000045 seconds.
  path: Assets/Buildings/Mobile/house_2_v_1_mobile.fbx
  artifactKey: Guid(2cf4db9de526eda4b95f34d256fcc9ef) Importer(815301076,1909f56bfc062723c751e8b465ee728b)
Start importing Assets/Buildings/Mobile/house_2_v_1_mobile.fbx using Guid(2cf4db9de526eda4b95f34d256fcc9ef) Importer(815301076,1909f56bfc062723c751e8b465ee728b)  -> (artifact id: '22c8a4dff7429abad7a2f18c9a3a9609') in 0.039592 seconds 
========================================================================
Received Import Request.
  Time since last request: 3.065179 seconds.
  path: Assets/Buildings/Mobile/house_2_v_7_mobile.fbx
  artifactKey: Guid(66635a139739b084491ec38d71e110ff) Importer(815301076,1909f56bfc062723c751e8b465ee728b)
Start importing Assets/Buildings/Mobile/house_2_v_7_mobile.fbx using Guid(66635a139739b084491ec38d71e110ff) Importer(815301076,1909f56bfc062723c751e8b465ee728b)  -> (artifact id: 'f39badc0d60d2c5654623ea4b0bec34b') in 0.146593 seconds 
========================================================================
Received Import Request.
  Time since last request: 0.014936 seconds.
  path: Assets/Buildings/Mobile/house_2_v_14_mobile.fbx
  artifactKey: Guid(a05b4b3b170f55649b168f119ef61e93) Importer(815301076,1909f56bfc062723c751e8b465ee728b)
Start importing Assets/Buildings/Mobile/house_2_v_14_mobile.fbx using Guid(a05b4b3b170f55649b168f119ef61e93) Importer(815301076,1909f56bfc062723c751e8b465ee728b)  -> (artifact id: '789fc4c9eb19f17f7c766993d6d7dab7') in 0.106925 seconds 
========================================================================
Received Import Request.
  Time since last request: 0.000074 seconds.
  path: Assets/Buildings/Mobile/house_2_v_15_mobile.fbx
  artifactKey: Guid(6c8a1de17559dc84780152ea3352a592) Importer(815301076,1909f56bfc062723c751e8b465ee728b)
Start importing Assets/Buildings/Mobile/house_2_v_15_mobile.fbx using Guid(6c8a1de17559dc84780152ea3352a592) Importer(815301076,1909f56bfc062723c751e8b465ee728b)  -> (artifact id: '2259ab9f5f01e4217f82a927088a8eae') in 0.113690 seconds 
Editor requested this worker to shutdown with reason: Scaling down because of idle timeout
AssetImportWorker is now disconnected from the server
Process exiting
Exiting without the bug reporter. Application will terminate with return code 0