Using pre-set license
Built from '2022.1/staging' branch; Version is '2022.1.24f1 (709dddfb713f) revision 7380445'; Using compiler version '192829333'; Build Type 'Release'
OS: 'Windows 11  (10.0.22621) 64bit Core' Language: 'en' Physical Memory: 32452 MB
BatchMode: 1, IsHumanControllingUs: 0, StartBugReporterOnCrash: 0, Is64bit: 1, IsPro: 1

COMMAND LINE ARGUMENTS:
C:\Program Files\Unity\Hub\Editor\2022.1.24f1\Editor\Unity.exe
-adb2
-batchMode
-noUpm
-name
AssetImportWorker3
-projectPath
C:/Users/pinkt/Documents/GitHub/Hypercasual/Mobile Hypercasual
-logFile
Logs/AssetImportWorker3.log
-srvPort
50536
Successfully changed project path to: C:/Users/pinkt/Documents/GitHub/Hypercasual/Mobile Hypercasual
C:/Users/pinkt/Documents/GitHub/Hypercasual/Mobile Hypercasual
[UnityMemory] Configuration Parameters - Can be set up in boot.config
    "memorysetup-bucket-allocator-granularity=16"
    "memorysetup-bucket-allocator-bucket-count=8"
    "memorysetup-bucket-allocator-block-size=33554432"
    "memorysetup-bucket-allocator-block-count=8"
    "memorysetup-main-allocator-block-size=16777216"
    "memorysetup-thread-allocator-block-size=16777216"
    "memorysetup-gfx-main-allocator-block-size=16777216"
    "memorysetup-gfx-thread-allocator-block-size=16777216"
    "memorysetup-cache-allocator-block-size=4194304"
    "memorysetup-typetree-allocator-block-size=2097152"
    "memorysetup-profiler-bucket-allocator-granularity=16"
    "memorysetup-profiler-bucket-allocator-bucket-count=8"
    "memorysetup-profiler-bucket-allocator-block-size=33554432"
    "memorysetup-profiler-bucket-allocator-block-count=8"
    "memorysetup-profiler-allocator-block-size=16777216"
    "memorysetup-profiler-editor-allocator-block-size=1048576"
    "memorysetup-temp-allocator-size-main=16777216"
    "memorysetup-job-temp-allocator-block-size=2097152"
    "memorysetup-job-temp-allocator-block-size-background=1048576"
    "memorysetup-job-temp-allocator-reduction-small-platforms=262144"
    "memorysetup-temp-allocator-size-background-worker=32768"
    "memorysetup-temp-allocator-size-job-worker=262144"
    "memorysetup-temp-allocator-size-preload-manager=33554432"
    "memorysetup-temp-allocator-size-nav-mesh-worker=65536"
    "memorysetup-temp-allocator-size-audio-worker=65536"
    "memorysetup-temp-allocator-size-cloud-worker=32768"
    "memorysetup-temp-allocator-size-gi-baking-worker=262144"
    "memorysetup-temp-allocator-size-gfx=262144"
Refreshing native plugins compatible for Editor in 153.94 ms, found 3 plugins.
Preloading 0 native plugins for Editor in 0.00 ms.
Initialize engine version: 2022.1.24f1 (709dddfb713f)
[Subsystems] Discovering subsystems at path C:/Program Files/Unity/Hub/Editor/2022.1.24f1/Editor/Data/Resources/UnitySubsystems
[Subsystems] Discovering subsystems at path C:/Users/pinkt/Documents/GitHub/Hypercasual/Mobile Hypercasual/Assets
GfxDevice: creating device client; threaded=0; jobified=0
Direct3D:
    Version:  Direct3D 11.0 [level 11.1]
    Renderer: NVIDIA GeForce RTX 3070 Ti Laptop GPU (ID=0x24e0)
    Vendor:   NVIDIA
    VRAM:     8043 MB
    Driver:   30.0.15.1272
Initialize mono
Mono path[0] = 'C:/Program Files/Unity/Hub/Editor/2022.1.24f1/Editor/Data/Managed'
Mono path[1] = 'C:/Program Files/Unity/Hub/Editor/2022.1.24f1/Editor/Data/MonoBleedingEdge/lib/mono/unityjit-win32'
Mono config path = 'C:/Program Files/Unity/Hub/Editor/2022.1.24f1/Editor/Data/MonoBleedingEdge/etc'
Using monoOptions --debugger-agent=transport=dt_socket,embedding=1,server=y,suspend=n,address=127.0.0.1:56436
Begin MonoManager ReloadAssembly
Registering precompiled unity dll's ...
Register platform support module: C:/Program Files/Unity/Hub/Editor/2022.1.24f1/Editor/Data/PlaybackEngines/AndroidPlayer/UnityEditor.Android.Extensions.dll
Register platform support module: C:/Program Files/Unity/Hub/Editor/2022.1.24f1/Editor/Data/PlaybackEngines/iOSSupport/UnityEditor.iOS.Extensions.dll
Register platform support module: C:/Program Files/Unity/Hub/Editor/2022.1.24f1/Editor/Data/PlaybackEngines/WindowsStandaloneSupport/UnityEditor.WindowsStandalone.Extensions.dll
Registered in 0.023256 seconds.
Native extension for WindowsStandalone target not found
[usbmuxd] Start listen thread
[usbmuxd] Listen thread started
Native extension for iOS target not found
Native extension for Android target not found
Refreshing native plugins compatible for Editor in 88.71 ms, found 3 plugins.
Preloading 0 native plugins for Editor in 0.00 ms.
Mono: successfully reloaded assembly
- Completed reload, in  1.020 seconds
Domain Reload Profiling:
	ReloadAssembly (1020ms)
		BeginReloadAssembly (155ms)
			ExecutionOrderSort (0ms)
			DisableScriptedObjects (0ms)
			BackupInstance (0ms)
			ReleaseScriptingObjects (0ms)
			CreateAndSetChildDomain (1ms)
		EndReloadAssembly (649ms)
			LoadAssemblies (154ms)
			RebuildTransferFunctionScriptingTraits (0ms)
			SetupTypeCache (140ms)
				TypeCache.Initialize (140ms)
					TypeCache.ScanAssembly (138ms)
				ResolveRequiredComponents (1ms)
			ReleaseScriptCaches (0ms)
			RebuildScriptCaches (39ms)
			SetupLoadedEditorAssemblies (393ms)
				LogAssemblyErrors (0ms)
				InitializePlatformSupportModulesInManaged (112ms)
				SetLoadedEditorAssemblies (9ms)
				RefreshPlugins (89ms)
				BeforeProcessingInitializeOnLoad (2ms)
				ProcessInitializeOnLoadAttributes (129ms)
				ProcessInitializeOnLoadMethodAttributes (52ms)
				AfterProcessingInitializeOnLoad (0ms)
				EditorAssembliesLoaded (0ms)
			ExecutionOrderSort2 (0ms)
			AwakeInstancesAfterBackupRestoration (0ms)
Platform modules already initialized, skipping
Registering precompiled user dll's ...
Registered in 0.009677 seconds.
Begin MonoManager ReloadAssembly
Symbol file LoadedFromMemory doesn't match image C:\Users\pinkt\Documents\GitHub\Hypercasual\Mobile Hypercasual\Library\PackageCache\com.unity.visualscripting@1.7.8\Editor\VisualScripting.Core\Dependencies\YamlDotNet\Unity.VisualScripting.YamlDotNet.dll
Symbol file LoadedFromMemory doesn't match image C:\Users\pinkt\Documents\GitHub\Hypercasual\Mobile Hypercasual\Library\PackageCache\com.unity.visualscripting@1.7.8\Editor\VisualScripting.Core\Dependencies\DotNetZip\Unity.VisualScripting.IonicZip.dll
Native extension for WindowsStandalone target not found
Native extension for iOS target not found
Native extension for Android target not found
Refreshing native plugins compatible for Editor in 1.05 ms, found 3 plugins.
Preloading 0 native plugins for Editor in 0.00 ms.
Mono: successfully reloaded assembly
Package Manager log level set to [2]
[Package Manager] Server::EnsureServerProcessIsRunning -- launch failed, reason: Unity was launched with the -noUpm command-line argument
[Package Manager] UpmClient::Send -- Unable to send message (not connected to UPM process).
[Package Manager] Cannot connect to Unity Package Manager local server
[Package Manager] Server::EnsureServerProcessIsRunning -- launch failed, reason: Unity was launched with the -noUpm command-line argument
[Package Manager] UpmClient::Send -- Unable to send message (not connected to UPM process).
[Package Manager] Cannot connect to Unity Package Manager local server
- Completed reload, in  1.496 seconds
Domain Reload Profiling:
	ReloadAssembly (1497ms)
		BeginReloadAssembly (291ms)
			ExecutionOrderSort (0ms)
			DisableScriptedObjects (7ms)
			BackupInstance (0ms)
			ReleaseScriptingObjects (0ms)
			CreateAndSetChildDomain (156ms)
		EndReloadAssembly (1053ms)
			LoadAssemblies (126ms)
			RebuildTransferFunctionScriptingTraits (0ms)
			SetupTypeCache (289ms)
				TypeCache.Initialize (280ms)
					TypeCache.ScanAssembly (275ms)
				ResolveRequiredComponents (8ms)
			ReleaseScriptCaches (1ms)
			RebuildScriptCaches (77ms)
			SetupLoadedEditorAssemblies (508ms)
				LogAssemblyErrors (0ms)
				InitializePlatformSupportModulesInManaged (47ms)
				SetLoadedEditorAssemblies (21ms)
				RefreshPlugins (1ms)
				BeforeProcessingInitializeOnLoad (122ms)
				ProcessInitializeOnLoadAttributes (276ms)
				ProcessInitializeOnLoadMethodAttributes (32ms)
				AfterProcessingInitializeOnLoad (9ms)
				EditorAssembliesLoaded (0ms)
			ExecutionOrderSort2 (0ms)
			AwakeInstancesAfterBackupRestoration (8ms)
Platform modules already initialized, skipping
========================================================================
Worker process is ready to serve import requests
Launched and connected shader compiler UnityShaderCompiler.exe after 0.09 seconds
Refreshing native plugins compatible for Editor in 0.64 ms, found 3 plugins.
Preloading 0 native plugins for Editor in 0.00 ms.
Unloading 3490 Unused Serialized files (Serialized files now loaded: 0)
Unloading 40 unused Assets / (58.3 KB). Loaded Objects now: 3939.
Memory consumption went from 0.52 GB to 0.52 GB.
Total: 3.997700 ms (FindLiveObjects: 0.255500 ms CreateObjectMapping: 0.119100 ms MarkObjects: 3.526400 ms  DeleteObjects: 0.095500 ms)

AssetImportParameters requested are different than current active one (requested -> active):
  custom:video-decoder-ogg-theora: a1e56fd34408186e4bbccfd4996cb3dc -> 
  custom:container-muxer-webm: aa71ff27fc2769a1b78a27578f13a17b -> 
  custom:container-demuxer-webm: 4f35f7cbe854078d1ac9338744f61a02 -> 
  custom:video-encoder-webm-vp8: eb34c28f22e8b96e1ab97ce403110664 -> 
  custom:video-codec-MediaFoundation-h265: 746d11721c4dcdbdad8f713fa42b33f4 -> 
  custom:audio-encoder-webm-vorbis: bf7c407c2cedff20999df2af8eb42d56 -> 
  custom:framework-win-MediaFoundation: 216162199b28c13a410421893ffa2e32 -> 
  custom:container-demuxer-ogg: 62fdf1f143b41e24485cea50d1cbac27 -> 
  custom:video-decoder-webm-vp8: 9c59270c3fd7afecdb556c50c9e8de78 -> 
  custom:audio-decoder-ogg-vorbis: bf7c407c2cedff20999df2af8eb42d56 -> 
========================================================================
Received Import Request.
  Time since last request: 91582.151654 seconds.
  path: Assets/Buildings/house_2_v_20.fbx
  artifactKey: Guid(a40834da7edbc10449a74445ffa1222b) Importer(815301076,1909f56bfc062723c751e8b465ee728b)
Start importing Assets/Buildings/house_2_v_20.fbx using Guid(a40834da7edbc10449a74445ffa1222b) Importer(815301076,1909f56bfc062723c751e8b465ee728b)  -> (artifact id: 'ccbde2a19eb221110b7aacdee32a1935') in 0.361710 seconds 
========================================================================
Received Import Request.
  Time since last request: 0.633740 seconds.
  path: Assets/Buildings/house_2_v_30.fbx
  artifactKey: Guid(ac4da1c5de7b5a943a527875fd2de972) Importer(815301076,1909f56bfc062723c751e8b465ee728b)
Start importing Assets/Buildings/house_2_v_30.fbx using Guid(ac4da1c5de7b5a943a527875fd2de972) Importer(815301076,1909f56bfc062723c751e8b465ee728b)  -> (artifact id: '3ad8ea30340bea21d8a76e6e0ddbd276') in 0.069561 seconds 
========================================================================
Received Import Request.
  Time since last request: 0.000053 seconds.
  path: Assets/Buildings/house_2_v_32.fbx
  artifactKey: Guid(19fd7a66e1dab13469f3cfc28205b3cf) Importer(815301076,1909f56bfc062723c751e8b465ee728b)
Start importing Assets/Buildings/house_2_v_32.fbx using Guid(19fd7a66e1dab13469f3cfc28205b3cf) Importer(815301076,1909f56bfc062723c751e8b465ee728b)  -> (artifact id: 'd0e44a03bf7901e48751e1f1726b192a') in 0.035378 seconds 
========================================================================
Received Import Request.
  Time since last request: 0.350364 seconds.
  path: Assets/Buildings/industrial_shop.fbx
  artifactKey: Guid(7f6b9c5531d9e6f45b73f32de6f9f808) Importer(815301076,1909f56bfc062723c751e8b465ee728b)
Start importing Assets/Buildings/industrial_shop.fbx using Guid(7f6b9c5531d9e6f45b73f32de6f9f808) Importer(815301076,1909f56bfc062723c751e8b465ee728b)  -> (artifact id: '56c342ee5a9c113a22153f1672c88bb8') in 0.074617 seconds 
========================================================================
Received Import Request.
  Time since last request: 0.000025 seconds.
  path: Assets/Buildings/office_supplies_factory.fbx
  artifactKey: Guid(14557251bec5f814899a3e7542c41988) Importer(815301076,1909f56bfc062723c751e8b465ee728b)
Start importing Assets/Buildings/office_supplies_factory.fbx using Guid(14557251bec5f814899a3e7542c41988) Importer(815301076,1909f56bfc062723c751e8b465ee728b)  -> (artifact id: '568a38271689fe80dbc8892127ed3e47') in 0.024244 seconds 
========================================================================
Received Import Request.
  Time since last request: 0.000031 seconds.
  path: Assets/Buildings/parlament.fbx
  artifactKey: Guid(fc120e873e49bd34a96e2f582283318a) Importer(815301076,1909f56bfc062723c751e8b465ee728b)
Start importing Assets/Buildings/parlament.fbx using Guid(fc120e873e49bd34a96e2f582283318a) Importer(815301076,1909f56bfc062723c751e8b465ee728b)  -> (artifact id: '223eb27351e1633d11bf8bb3109102a7') in 0.027904 seconds 
========================================================================
Received Import Request.
  Time since last request: 0.225724 seconds.
  path: Assets/Buildings/sawmill.fbx
  artifactKey: Guid(00d9a8a215a5fb84ba980e3b6a842288) Importer(815301076,1909f56bfc062723c751e8b465ee728b)
Start importing Assets/Buildings/sawmill.fbx using Guid(00d9a8a215a5fb84ba980e3b6a842288) Importer(815301076,1909f56bfc062723c751e8b465ee728b)  -> (artifact id: 'bcc8fbae0c5e4683bb3b3e58d17f92b8') in 0.065484 seconds 
========================================================================
Received Import Request.
  Time since last request: 0.000048 seconds.
  path: Assets/Buildings/tobacco_plantation.fbx
  artifactKey: Guid(60e2fb8b0024470498928881179977a0) Importer(815301076,1909f56bfc062723c751e8b465ee728b)
Start importing Assets/Buildings/tobacco_plantation.fbx using Guid(60e2fb8b0024470498928881179977a0) Importer(815301076,1909f56bfc062723c751e8b465ee728b)  -> (artifact id: '8ff6ed0f0a2c7281f972238b112465d5') in 0.027881 seconds 
========================================================================
Received Import Request.
  Time since last request: 3.060719 seconds.
  path: Assets/Buildings/university.fbx
  artifactKey: Guid(a75e0be201ab4934c8e02d63c6d26af6) Importer(815301076,1909f56bfc062723c751e8b465ee728b)
Start importing Assets/Buildings/university.fbx using Guid(a75e0be201ab4934c8e02d63c6d26af6) Importer(815301076,1909f56bfc062723c751e8b465ee728b)  -> (artifact id: '4834e7de446e2e8457c3c1fe1c8e220b') in 0.089743 seconds 
========================================================================
Received Import Request.
  Time since last request: 5.717518 seconds.
  path: Assets/Buildings/Mobile/car_store_mobile.fbx
  artifactKey: Guid(4cb6a23ffcc58db4fb5bd808f1c81dfe) Importer(815301076,1909f56bfc062723c751e8b465ee728b)
Start importing Assets/Buildings/Mobile/car_store_mobile.fbx using Guid(4cb6a23ffcc58db4fb5bd808f1c81dfe) Importer(815301076,1909f56bfc062723c751e8b465ee728b)  -> (artifact id: '757ae9810310a1964a99a0629b8225df') in 0.063578 seconds 
========================================================================
Received Import Request.
  Time since last request: 0.000071 seconds.
  path: Assets/Buildings/Mobile/city_hall_mobile.fbx
  artifactKey: Guid(465dec3254391844db549624ba0cf5be) Importer(815301076,1909f56bfc062723c751e8b465ee728b)
Start importing Assets/Buildings/Mobile/city_hall_mobile.fbx using Guid(465dec3254391844db549624ba0cf5be) Importer(815301076,1909f56bfc062723c751e8b465ee728b)  -> (artifact id: '55222bc592f73460d5e68f6a17e13447') in 0.044436 seconds 
========================================================================
Received Import Request.
  Time since last request: 0.000040 seconds.
  path: Assets/Buildings/Mobile/food_factory_mobile.fbx
  artifactKey: Guid(87ec9ca01b835bc408e15f1e0ddc40f1) Importer(815301076,1909f56bfc062723c751e8b465ee728b)
Start importing Assets/Buildings/Mobile/food_factory_mobile.fbx using Guid(87ec9ca01b835bc408e15f1e0ddc40f1) Importer(815301076,1909f56bfc062723c751e8b465ee728b)  -> (artifact id: '4ac30cba154a65943a35aafb87436f6b') in 0.027383 seconds 
========================================================================
Received Import Request.
  Time since last request: 0.000028 seconds.
  path: Assets/Buildings/Mobile/cosmetic_shop_mobile.fbx
  artifactKey: Guid(0df139a6d6e9432488af463eb75a9fa3) Importer(815301076,1909f56bfc062723c751e8b465ee728b)
Start importing Assets/Buildings/Mobile/cosmetic_shop_mobile.fbx using Guid(0df139a6d6e9432488af463eb75a9fa3) Importer(815301076,1909f56bfc062723c751e8b465ee728b)  -> (artifact id: '00df60085ac468e68e736c23733313ab') in 0.028217 seconds 
========================================================================
Received Import Request.
  Time since last request: 1.104888 seconds.
  path: Assets/Buildings/Mobile/house_2_mobile.fbx
  artifactKey: Guid(dc4a4978b5be1db4fb565cf7c8fb27fd) Importer(815301076,1909f56bfc062723c751e8b465ee728b)
Start importing Assets/Buildings/Mobile/house_2_mobile.fbx using Guid(dc4a4978b5be1db4fb565cf7c8fb27fd) Importer(815301076,1909f56bfc062723c751e8b465ee728b)  -> (artifact id: '62183136b517fece0ff9b0b3c3f63543') in 0.054144 seconds 
========================================================================
Received Import Request.
  Time since last request: 0.000031 seconds.
  path: Assets/Buildings/Mobile/house_2_v_5_mobile.fbx
  artifactKey: Guid(a1ec12dc0f4687e45b6697dc7c435803) Importer(815301076,1909f56bfc062723c751e8b465ee728b)
Start importing Assets/Buildings/Mobile/house_2_v_5_mobile.fbx using Guid(a1ec12dc0f4687e45b6697dc7c435803) Importer(815301076,1909f56bfc062723c751e8b465ee728b)  -> (artifact id: 'd8c5b6ccbfb7ce04d7d99a9c78d66c2e') in 0.032733 seconds 
========================================================================
Received Import Request.
  Time since last request: 3.114762 seconds.
  path: Assets/Buildings/Mobile/house_2_v_10_mobile.fbx
  artifactKey: Guid(30bc00ebe3daa2e4bbc346030d742de6) Importer(815301076,1909f56bfc062723c751e8b465ee728b)
Start importing Assets/Buildings/Mobile/house_2_v_10_mobile.fbx using Guid(30bc00ebe3daa2e4bbc346030d742de6) Importer(815301076,1909f56bfc062723c751e8b465ee728b)  -> (artifact id: 'cdb21c1ecec746ccd5a01042d1afeb4f') in 0.118005 seconds 
========================================================================
Received Import Request.
  Time since last request: 0.027764 seconds.
  path: Assets/Buildings/Mobile/house_2_v_19_mobile.fbx
  artifactKey: Guid(13c58bd583a086044bf8a4d565f49885) Importer(815301076,1909f56bfc062723c751e8b465ee728b)
Start importing Assets/Buildings/Mobile/house_2_v_19_mobile.fbx using Guid(13c58bd583a086044bf8a4d565f49885) Importer(815301076,1909f56bfc062723c751e8b465ee728b)  -> (artifact id: '7719b9c2104d5bcf4ac757747f019751') in 0.091587 seconds 
Editor requested this worker to shutdown with reason: Scaling down because of idle timeout
AssetImportWorker is now disconnected from the server
Process exiting
Exiting without the bug reporter. Application will terminate with return code 0