Using pre-set license
Built from '2022.1/staging' branch; Version is '2022.1.24f1 (709dddfb713f) revision 7380445'; Using compiler version '192829333'; Build Type 'Release'
OS: 'Windows 11  (10.0.22621) 64bit Core' Language: 'en' Physical Memory: 32452 MB
BatchMode: 1, IsHumanControllingUs: 0, StartBugReporterOnCrash: 0, Is64bit: 1, IsPro: 1

COMMAND LINE ARGUMENTS:
C:\Program Files\Unity\Hub\Editor\2022.1.24f1\Editor\Unity.exe
-adb2
-batchMode
-noUpm
-name
AssetImportWorker4
-projectPath
C:/Users/pinkt/Documents/GitHub/Hypercasual/Mobile Hypercasual
-logFile
Logs/AssetImportWorker4.log
-srvPort
56984
Successfully changed project path to: C:/Users/pinkt/Documents/GitHub/Hypercasual/Mobile Hypercasual
C:/Users/pinkt/Documents/GitHub/Hypercasual/Mobile Hypercasual
[UnityMemory] Configuration Parameters - Can be set up in boot.config
    "memorysetup-bucket-allocator-granularity=16"
    "memorysetup-bucket-allocator-bucket-count=8"
    "memorysetup-bucket-allocator-block-size=33554432"
    "memorysetup-bucket-allocator-block-count=8"
    "memorysetup-main-allocator-block-size=16777216"
    "memorysetup-thread-allocator-block-size=16777216"
    "memorysetup-gfx-main-allocator-block-size=16777216"
    "memorysetup-gfx-thread-allocator-block-size=16777216"
    "memorysetup-cache-allocator-block-size=4194304"
    "memorysetup-typetree-allocator-block-size=2097152"
    "memorysetup-profiler-bucket-allocator-granularity=16"
    "memorysetup-profiler-bucket-allocator-bucket-count=8"
    "memorysetup-profiler-bucket-allocator-block-size=33554432"
    "memorysetup-profiler-bucket-allocator-block-count=8"
    "memorysetup-profiler-allocator-block-size=16777216"
    "memorysetup-profiler-editor-allocator-block-size=1048576"
    "memorysetup-temp-allocator-size-main=16777216"
    "memorysetup-job-temp-allocator-block-size=2097152"
    "memorysetup-job-temp-allocator-block-size-background=1048576"
    "memorysetup-job-temp-allocator-reduction-small-platforms=262144"
    "memorysetup-temp-allocator-size-background-worker=32768"
    "memorysetup-temp-allocator-size-job-worker=262144"
    "memorysetup-temp-allocator-size-preload-manager=33554432"
    "memorysetup-temp-allocator-size-nav-mesh-worker=65536"
    "memorysetup-temp-allocator-size-audio-worker=65536"
    "memorysetup-temp-allocator-size-cloud-worker=32768"
    "memorysetup-temp-allocator-size-gi-baking-worker=262144"
    "memorysetup-temp-allocator-size-gfx=262144"
Refreshing native plugins compatible for Editor in 117.23 ms, found 3 plugins.
Preloading 0 native plugins for Editor in 0.00 ms.
Initialize engine version: 2022.1.24f1 (709dddfb713f)
[Subsystems] Discovering subsystems at path C:/Program Files/Unity/Hub/Editor/2022.1.24f1/Editor/Data/Resources/UnitySubsystems
[Subsystems] Discovering subsystems at path C:/Users/pinkt/Documents/GitHub/Hypercasual/Mobile Hypercasual/Assets
GfxDevice: creating device client; threaded=0; jobified=0
Direct3D:
    Version:  Direct3D 11.0 [level 11.1]
    Renderer: NVIDIA GeForce RTX 3070 Ti Laptop GPU (ID=0x24e0)
    Vendor:   NVIDIA
    VRAM:     8043 MB
    Driver:   30.0.15.1272
Initialize mono
Mono path[0] = 'C:/Program Files/Unity/Hub/Editor/2022.1.24f1/Editor/Data/Managed'
Mono path[1] = 'C:/Program Files/Unity/Hub/Editor/2022.1.24f1/Editor/Data/MonoBleedingEdge/lib/mono/unityjit-win32'
Mono config path = 'C:/Program Files/Unity/Hub/Editor/2022.1.24f1/Editor/Data/MonoBleedingEdge/etc'
Using monoOptions --debugger-agent=transport=dt_socket,embedding=1,server=y,suspend=n,address=127.0.0.1:56428
Begin MonoManager ReloadAssembly
Registering precompiled unity dll's ...
Register platform support module: C:/Program Files/Unity/Hub/Editor/2022.1.24f1/Editor/Data/PlaybackEngines/AndroidPlayer/UnityEditor.Android.Extensions.dll
Register platform support module: C:/Program Files/Unity/Hub/Editor/2022.1.24f1/Editor/Data/PlaybackEngines/iOSSupport/UnityEditor.iOS.Extensions.dll
Register platform support module: C:/Program Files/Unity/Hub/Editor/2022.1.24f1/Editor/Data/PlaybackEngines/WindowsStandaloneSupport/UnityEditor.WindowsStandalone.Extensions.dll
Registered in 0.009893 seconds.
Native extension for WindowsStandalone target not found
[usbmuxd] Start listen thread
[usbmuxd] Listen thread started
Native extension for iOS target not found
Native extension for Android target not found
Refreshing native plugins compatible for Editor in 93.00 ms, found 3 plugins.
Preloading 0 native plugins for Editor in 0.00 ms.
Mono: successfully reloaded assembly
- Completed reload, in  0.833 seconds
Domain Reload Profiling:
	ReloadAssembly (834ms)
		BeginReloadAssembly (95ms)
			ExecutionOrderSort (0ms)
			DisableScriptedObjects (0ms)
			BackupInstance (0ms)
			ReleaseScriptingObjects (0ms)
			CreateAndSetChildDomain (1ms)
		EndReloadAssembly (603ms)
			LoadAssemblies (92ms)
			RebuildTransferFunctionScriptingTraits (0ms)
			SetupTypeCache (130ms)
				TypeCache.Initialize (130ms)
					TypeCache.ScanAssembly (128ms)
				ResolveRequiredComponents (1ms)
			ReleaseScriptCaches (0ms)
			RebuildScriptCaches (35ms)
			SetupLoadedEditorAssemblies (373ms)
				LogAssemblyErrors (0ms)
				InitializePlatformSupportModulesInManaged (100ms)
				SetLoadedEditorAssemblies (11ms)
				RefreshPlugins (93ms)
				BeforeProcessingInitializeOnLoad (2ms)
				ProcessInitializeOnLoadAttributes (117ms)
				ProcessInitializeOnLoadMethodAttributes (50ms)
				AfterProcessingInitializeOnLoad (0ms)
				EditorAssembliesLoaded (0ms)
			ExecutionOrderSort2 (0ms)
			AwakeInstancesAfterBackupRestoration (0ms)
Platform modules already initialized, skipping
Registering precompiled user dll's ...
Registered in 0.011398 seconds.
Begin MonoManager ReloadAssembly
Symbol file LoadedFromMemory doesn't match image C:\Users\pinkt\Documents\GitHub\Hypercasual\Mobile Hypercasual\Library\PackageCache\com.unity.visualscripting@1.7.8\Editor\VisualScripting.Core\Dependencies\YamlDotNet\Unity.VisualScripting.YamlDotNet.dll
Symbol file LoadedFromMemory doesn't match image C:\Users\pinkt\Documents\GitHub\Hypercasual\Mobile Hypercasual\Library\PackageCache\com.unity.visualscripting@1.7.8\Editor\VisualScripting.Core\Dependencies\DotNetZip\Unity.VisualScripting.IonicZip.dll
Native extension for WindowsStandalone target not found
Native extension for iOS target not found
Native extension for Android target not found
Refreshing native plugins compatible for Editor in 0.66 ms, found 3 plugins.
Preloading 0 native plugins for Editor in 0.00 ms.
Mono: successfully reloaded assembly
Package Manager log level set to [2]
[Package Manager] Server::EnsureServerProcessIsRunning -- launch failed, reason: Unity was launched with the -noUpm command-line argument
[Package Manager] UpmClient::Send -- Unable to send message (not connected to UPM process).
[Package Manager] Cannot connect to Unity Package Manager local server
[Package Manager] Server::EnsureServerProcessIsRunning -- launch failed, reason: Unity was launched with the -noUpm command-line argument
[Package Manager] UpmClient::Send -- Unable to send message (not connected to UPM process).
[Package Manager] Cannot connect to Unity Package Manager local server
- Completed reload, in  1.614 seconds
Domain Reload Profiling:
	ReloadAssembly (1615ms)
		BeginReloadAssembly (363ms)
			ExecutionOrderSort (0ms)
			DisableScriptedObjects (5ms)
			BackupInstance (0ms)
			ReleaseScriptingObjects (0ms)
			CreateAndSetChildDomain (149ms)
		EndReloadAssembly (1049ms)
			LoadAssemblies (214ms)
			RebuildTransferFunctionScriptingTraits (0ms)
			SetupTypeCache (287ms)
				TypeCache.Initialize (283ms)
					TypeCache.ScanAssembly (278ms)
				ResolveRequiredComponents (4ms)
			ReleaseScriptCaches (1ms)
			RebuildScriptCaches (83ms)
			SetupLoadedEditorAssemblies (460ms)
				LogAssemblyErrors (0ms)
				InitializePlatformSupportModulesInManaged (30ms)
				SetLoadedEditorAssemblies (8ms)
				RefreshPlugins (1ms)
				BeforeProcessingInitializeOnLoad (108ms)
				ProcessInitializeOnLoadAttributes (268ms)
				ProcessInitializeOnLoadMethodAttributes (36ms)
				AfterProcessingInitializeOnLoad (9ms)
				EditorAssembliesLoaded (0ms)
			ExecutionOrderSort2 (0ms)
			AwakeInstancesAfterBackupRestoration (8ms)
Platform modules already initialized, skipping
========================================================================
Worker process is ready to serve import requests
Launched and connected shader compiler UnityShaderCompiler.exe after 0.13 seconds
Refreshing native plugins compatible for Editor in 0.64 ms, found 3 plugins.
Preloading 0 native plugins for Editor in 0.00 ms.
Unloading 3486 Unused Serialized files (Serialized files now loaded: 0)
Unloading 40 unused Assets / (58.3 KB). Loaded Objects now: 3934.
Memory consumption went from 0.52 GB to 0.52 GB.
Total: 4.893000 ms (FindLiveObjects: 0.239600 ms CreateObjectMapping: 0.110000 ms MarkObjects: 4.452700 ms  DeleteObjects: 0.089100 ms)

AssetImportParameters requested are different than current active one (requested -> active):
  custom:video-decoder-ogg-theora: a1e56fd34408186e4bbccfd4996cb3dc -> 
  custom:container-muxer-webm: aa71ff27fc2769a1b78a27578f13a17b -> 
  custom:container-demuxer-webm: 4f35f7cbe854078d1ac9338744f61a02 -> 
  custom:video-encoder-webm-vp8: eb34c28f22e8b96e1ab97ce403110664 -> 
  custom:video-codec-MediaFoundation-h265: 746d11721c4dcdbdad8f713fa42b33f4 -> 
  custom:audio-encoder-webm-vorbis: bf7c407c2cedff20999df2af8eb42d56 -> 
  custom:framework-win-MediaFoundation: 216162199b28c13a410421893ffa2e32 -> 
  custom:container-demuxer-ogg: 62fdf1f143b41e24485cea50d1cbac27 -> 
  custom:video-decoder-webm-vp8: 9c59270c3fd7afecdb556c50c9e8de78 -> 
  custom:audio-decoder-ogg-vorbis: bf7c407c2cedff20999df2af8eb42d56 -> 
========================================================================
Received Import Request.
  Time since last request: 27042.844849 seconds.
  path: Assets/Decorations/street_lamp_1.fbx
  artifactKey: Guid(e05292a117908484b8f0bb664bf154ff) Importer(815301076,1909f56bfc062723c751e8b465ee728b)
Start importing Assets/Decorations/street_lamp_1.fbx using Guid(e05292a117908484b8f0bb664bf154ff) Importer(815301076,1909f56bfc062723c751e8b465ee728b)  -> (artifact id: '662511608b19558e696e3ebdbbbf5b6e') in 0.345405 seconds 
========================================================================
Received Import Request.
  Time since last request: 197.310249 seconds.
  path: Assets/Decorations/Materials
  artifactKey: Guid(301c042360608fe45a193d7c073b7ec6) Importer(815301076,1909f56bfc062723c751e8b465ee728b)
Start importing Assets/Decorations/Materials using Guid(301c042360608fe45a193d7c073b7ec6) Importer(815301076,1909f56bfc062723c751e8b465ee728b)  -> (artifact id: 'd2132eb3e2b5e1e84f1bf0651fcecbd9') in 0.006183 seconds 
========================================================================
Received Import Request.
  Time since last request: 0.072519 seconds.
  path: Assets/Decorations/Materials/asfalt.mat
  artifactKey: Guid(02c71b656eede484693c57cc6d8dbf86) Importer(815301076,1909f56bfc062723c751e8b465ee728b)
Start importing Assets/Decorations/Materials/asfalt.mat using Guid(02c71b656eede484693c57cc6d8dbf86) Importer(815301076,1909f56bfc062723c751e8b465ee728b)  -> (artifact id: 'c02f86ec5ecff628e7716bcac3d9b19e') in 0.093603 seconds 
========================================================================
Received Import Request.
  Time since last request: 0.000042 seconds.
  path: Assets/Decorations/Materials/lampa_wgite.mat
  artifactKey: Guid(fb38407f167859241a85db565e01c964) Importer(815301076,1909f56bfc062723c751e8b465ee728b)
Start importing Assets/Decorations/Materials/lampa_wgite.mat using Guid(fb38407f167859241a85db565e01c964) Importer(815301076,1909f56bfc062723c751e8b465ee728b)  -> (artifact id: 'b6be9be3f27fb57dfaec792347626d47') in 0.023595 seconds 
========================================================================
Received Import Request.
  Time since last request: 0.000056 seconds.
  path: Assets/Decorations/Materials/karoseria_white.mat
  artifactKey: Guid(bf405b4778c41674099d22950b428fd2) Importer(815301076,1909f56bfc062723c751e8b465ee728b)
Start importing Assets/Decorations/Materials/karoseria_white.mat using Guid(bf405b4778c41674099d22950b428fd2) Importer(815301076,1909f56bfc062723c751e8b465ee728b)  -> (artifact id: 'f223fe38ec11005b951e93ca9ea9019b') in 0.025758 seconds 
========================================================================
Received Import Request.
  Time since last request: 0.000037 seconds.
  path: Assets/Decorations/Materials/karoseria_orange.mat
  artifactKey: Guid(d4750a12d80f52c4db7c6e4e54d6cca3) Importer(815301076,1909f56bfc062723c751e8b465ee728b)
Start importing Assets/Decorations/Materials/karoseria_orange.mat using Guid(d4750a12d80f52c4db7c6e4e54d6cca3) Importer(815301076,1909f56bfc062723c751e8b465ee728b)  -> (artifact id: 'e8a4066f2ac2625752b7ec1a706d9ac8') in 0.022932 seconds 
========================================================================
Received Import Request.
  Time since last request: 0.000032 seconds.
  path: Assets/Decorations/Materials/blue_3.mat
  artifactKey: Guid(00e17528ef0941d4288a34f4b040bd2e) Importer(815301076,1909f56bfc062723c751e8b465ee728b)
Start importing Assets/Decorations/Materials/blue_3.mat using Guid(00e17528ef0941d4288a34f4b040bd2e) Importer(815301076,1909f56bfc062723c751e8b465ee728b)  -> (artifact id: 'c4f2d1a5ac52f1f3be27fe726f1c3bba') in 0.016703 seconds 
========================================================================
Received Import Request.
  Time since last request: 0.000036 seconds.
  path: Assets/Decorations/Materials/lampa_red.mat
  artifactKey: Guid(483eed7048bbdf94c8184fe9a276b2c3) Importer(815301076,1909f56bfc062723c751e8b465ee728b)
Start importing Assets/Decorations/Materials/lampa_red.mat using Guid(483eed7048bbdf94c8184fe9a276b2c3) Importer(815301076,1909f56bfc062723c751e8b465ee728b)  -> (artifact id: 'c669a949569c9852ba633fdb9ae33690') in 0.018827 seconds 
========================================================================
Received Import Request.
  Time since last request: 0.000037 seconds.
  path: Assets/Decorations/Materials/karoseria_blue.mat
  artifactKey: Guid(50204669bc327a34296a286a1bf8cdf4) Importer(815301076,1909f56bfc062723c751e8b465ee728b)
Start importing Assets/Decorations/Materials/karoseria_blue.mat using Guid(50204669bc327a34296a286a1bf8cdf4) Importer(815301076,1909f56bfc062723c751e8b465ee728b)  -> (artifact id: 'c1c047ad9d7169c8bbda15327c11a0fc') in 0.022280 seconds 
========================================================================
Received Import Request.
  Time since last request: 0.000042 seconds.
  path: Assets/Decorations/Materials/linie.mat
  artifactKey: Guid(2ea3a0d052d98064187d031ed808a335) Importer(815301076,1909f56bfc062723c751e8b465ee728b)
Start importing Assets/Decorations/Materials/linie.mat using Guid(2ea3a0d052d98064187d031ed808a335) Importer(815301076,1909f56bfc062723c751e8b465ee728b)  -> (artifact id: '37e1731f0698deeb5ed82faac4c89d6b') in 0.020706 seconds 
========================================================================
Received Import Request.
  Time since last request: 0.000037 seconds.
  path: Assets/Decorations/Materials/karoseria_red.mat
  artifactKey: Guid(8d0e70064dffd2042a0ba7ce7cbaa8cd) Importer(815301076,1909f56bfc062723c751e8b465ee728b)
Start importing Assets/Decorations/Materials/karoseria_red.mat using Guid(8d0e70064dffd2042a0ba7ce7cbaa8cd) Importer(815301076,1909f56bfc062723c751e8b465ee728b)  -> (artifact id: '05288a8cbb54f68ccaefc56ee7771c0b') in 0.018236 seconds 
========================================================================
Received Import Request.
  Time since last request: 4.757477 seconds.
  path: Assets/Decorations/Materials/mat_002.mat
  artifactKey: Guid(0b81f4725f4d0e942b080ccc73c5e9dc) Importer(815301076,1909f56bfc062723c751e8b465ee728b)
Start importing Assets/Decorations/Materials/mat_002.mat using Guid(0b81f4725f4d0e942b080ccc73c5e9dc) Importer(815301076,1909f56bfc062723c751e8b465ee728b)  -> (artifact id: '28204c7df5be4a61ff6e30dc407061ac') in 0.014131 seconds 
========================================================================
Received Import Request.
  Time since last request: 3.203550 seconds.
  path: Assets/Decorations/Materials/mat_005.mat
  artifactKey: Guid(83e82fa354d6da14bb35306102a773d8) Importer(815301076,1909f56bfc062723c751e8b465ee728b)
Start importing Assets/Decorations/Materials/mat_005.mat using Guid(83e82fa354d6da14bb35306102a773d8) Importer(815301076,1909f56bfc062723c751e8b465ee728b)  -> (artifact id: 'b486f83cd62a5aef08a1bd641bd4ac4c') in 0.014311 seconds 
========================================================================
Received Import Request.
  Time since last request: 0.003826 seconds.
  path: Assets/Decorations/Materials/mat_006.mat
  artifactKey: Guid(bf061cc32dc6fd14892e7ca4078d74ce) Importer(815301076,1909f56bfc062723c751e8b465ee728b)
Start importing Assets/Decorations/Materials/mat_006.mat using Guid(bf061cc32dc6fd14892e7ca4078d74ce) Importer(815301076,1909f56bfc062723c751e8b465ee728b)  -> (artifact id: 'e84b464e710e0241803304a85d66ff82') in 0.022054 seconds 
========================================================================
Received Import Request.
  Time since last request: 3.341401 seconds.
  path: Assets/Decorations/Materials/mat_031.mat
  artifactKey: Guid(addfb5e7024b93d49b3f2cedf48be5cc) Importer(815301076,1909f56bfc062723c751e8b465ee728b)
Start importing Assets/Decorations/Materials/mat_031.mat using Guid(addfb5e7024b93d49b3f2cedf48be5cc) Importer(815301076,1909f56bfc062723c751e8b465ee728b)  -> (artifact id: 'a4cdc73c707f2c80328a7050a2ebfcc2') in 0.024575 seconds 
========================================================================
Received Import Request.
  Time since last request: 0.088200 seconds.
  path: Assets/Decorations/Materials/mat_042.mat
  artifactKey: Guid(1a7356e9a2d1ff641925205f1e2bcaeb) Importer(815301076,1909f56bfc062723c751e8b465ee728b)
Start importing Assets/Decorations/Materials/mat_042.mat using Guid(1a7356e9a2d1ff641925205f1e2bcaeb) Importer(815301076,1909f56bfc062723c751e8b465ee728b)  -> (artifact id: 'd4ee087466388d66acbe7ac40635e1cb') in 0.018180 seconds 
========================================================================
Received Import Request.
  Time since last request: 56.082999 seconds.
  path: Assets/Decorations/tree_4.fbx
  artifactKey: Guid(eb1cfc8303f4f584c8f43c4af9226acd) Importer(815301076,1909f56bfc062723c751e8b465ee728b)
Start importing Assets/Decorations/tree_4.fbx using Guid(eb1cfc8303f4f584c8f43c4af9226acd) Importer(815301076,1909f56bfc062723c751e8b465ee728b)  -> (artifact id: '44e1d0f11342aa3daffe46fe866b7ba5') in 0.058671 seconds 
========================================================================
Received Import Request.
  Time since last request: 0.597367 seconds.
  path: Assets/Decorations/tree_6.fbx
  artifactKey: Guid(1c4a01c675c9bad4f866874a3de82730) Importer(815301076,1909f56bfc062723c751e8b465ee728b)
Start importing Assets/Decorations/tree_6.fbx using Guid(1c4a01c675c9bad4f866874a3de82730) Importer(815301076,1909f56bfc062723c751e8b465ee728b)  -> (artifact id: '942a5ce30593e372618f7e11eb1534fd') in 0.054038 seconds 
